[debug] [2022-10-27T15:24:48.638Z] ----------------------------------------------------------------------
[debug] [2022-10-27T15:24:48.641Z] Command:       C:\Program Files\nodejs\node.exe C:\Users\Atik Ahmed\AppData\Roaming\npm\node_modules\firebase-tools\lib\bin\firebase.js deploy
[debug] [2022-10-27T15:24:48.642Z] CLI Version:   11.15.0
[debug] [2022-10-27T15:24:48.642Z] Platform:      win32
[debug] [2022-10-27T15:24:48.642Z] Node Version:  v16.15.1
[debug] [2022-10-27T15:24:48.644Z] Time:          Thu Oct 27 2022 21:24:48 GMT+0600 (Bangladesh Standard Time)
[debug] [2022-10-27T15:24:48.644Z] ----------------------------------------------------------------------
[debug] 
[debug] [2022-10-27T15:24:48.712Z] > command requires scopes: ["email","openid","https://www.googleapis.com/auth/cloudplatformprojects.readonly","https://www.googleapis.com/auth/firebase","https://www.googleapis.com/auth/cloud-platform"]
[debug] [2022-10-27T15:24:48.712Z] > authorizing via signed-in user (ashanto653.2@gmail.com)
[debug] [2022-10-27T15:24:48.712Z] [iam] checking project e-learn-5bc9e for permissions ["firebase.projects.get","firebasehosting.sites.update"]
[debug] [2022-10-27T15:24:48.714Z] > refreshing access token with scopes: []
[debug] [2022-10-27T15:24:48.715Z] >>> [apiv2][query] POST https://www.googleapis.com/oauth2/v3/token [none]
[debug] [2022-10-27T15:24:48.715Z] >>> [apiv2][body] POST https://www.googleapis.com/oauth2/v3/token [omitted]
[debug] [2022-10-27T15:24:50.020Z] <<< [apiv2][status] POST https://www.googleapis.com/oauth2/v3/token 200
[debug] [2022-10-27T15:24:50.021Z] <<< [apiv2][body] POST https://www.googleapis.com/oauth2/v3/token [omitted]
[debug] [2022-10-27T15:24:50.031Z] >>> [apiv2][query] POST https://cloudresourcemanager.googleapis.com/v1/projects/e-learn-5bc9e:testIamPermissions [none]
[debug] [2022-10-27T15:24:50.031Z] >>> [apiv2][(partial)header] POST https://cloudresourcemanager.googleapis.com/v1/projects/e-learn-5bc9e:testIamPermissions x-goog-quota-user=projects/e-learn-5bc9e
[debug] [2022-10-27T15:24:50.031Z] >>> [apiv2][body] POST https://cloudresourcemanager.googleapis.com/v1/projects/e-learn-5bc9e:testIamPermissions {"permissions":["firebase.projects.get","firebasehosting.sites.update"]}
[debug] [2022-10-27T15:24:55.098Z] <<< [apiv2][status] POST https://cloudresourcemanager.googleapis.com/v1/projects/e-learn-5bc9e:testIamPermissions 200
[debug] [2022-10-27T15:24:55.098Z] <<< [apiv2][body] POST https://cloudresourcemanager.googleapis.com/v1/projects/e-learn-5bc9e:testIamPermissions {"permissions":["firebase.projects.get","firebasehosting.sites.update"]}
[debug] [2022-10-27T15:24:55.101Z] >>> [apiv2][query] GET https://firebase.googleapis.com/v1beta1/projects/e-learn-5bc9e [none]
[debug] [2022-10-27T15:24:56.645Z] <<< [apiv2][status] GET https://firebase.googleapis.com/v1beta1/projects/e-learn-5bc9e 200
[debug] [2022-10-27T15:24:56.645Z] <<< [apiv2][body] GET https://firebase.googleapis.com/v1beta1/projects/e-learn-5bc9e {"projectId":"e-learn-5bc9e","projectNumber":"766748492300","displayName":"e-learn","name":"projects/e-learn-5bc9e","resources":{"hostingSite":"e-learn-5bc9e"},"state":"ACTIVE","etag":"1_3411ef27-33b7-4be5-9d66-3a9278e5a4ea"}
[info] 
[info] === Deploying to 'e-learn-5bc9e'...
[info] 
[info] i  deploying hosting 
[debug] [2022-10-27T15:24:56.648Z] >>> [apiv2][query] POST https://firebasehosting.googleapis.com/v1beta1/projects/-/sites/e-learn-5bc9e/versions [none]
[debug] [2022-10-27T15:24:56.648Z] >>> [apiv2][body] POST https://firebasehosting.googleapis.com/v1beta1/projects/-/sites/e-learn-5bc9e/versions {"status":"CREATED","labels":{"deployment-tool":"cli-firebase"}}
[debug] [2022-10-27T15:24:59.623Z] <<< [apiv2][status] POST https://firebasehosting.googleapis.com/v1beta1/projects/-/sites/e-learn-5bc9e/versions 200
[debug] [2022-10-27T15:24:59.623Z] <<< [apiv2][body] POST https://firebasehosting.googleapis.com/v1beta1/projects/-/sites/e-learn-5bc9e/versions {"name":"projects/766748492300/sites/e-learn-5bc9e/versions/0e2184d7ed0477d1","status":"CREATED","config":{},"labels":{"deployment-tool":"cli-firebase"}}
[info] i  hosting[e-learn-5bc9e]: beginning deploy... 
[info] i  hosting[e-learn-5bc9e]: found 19 files in build 
[debug] [2022-10-27T15:24:59.635Z] [hosting] uploading with 200 concurrency
[debug] [2022-10-27T15:25:00.330Z] [hosting] hash cache [YnVpbGQ] stored for 19 files
[debug] [2022-10-27T15:25:00.330Z] [hosting][hash queue][FINAL] {"max":687,"min":4,"avg":63.10526315789474,"active":0,"complete":19,"success":19,"errored":0,"retried":0,"total":19,"elapsed":693}
[debug] [2022-10-27T15:25:00.331Z] >>> [apiv2][query] POST https://firebasehosting.googleapis.com/v1beta1/projects/766748492300/sites/e-learn-5bc9e/versions/0e2184d7ed0477d1:populateFiles [none]
[debug] [2022-10-27T15:25:00.331Z] >>> [apiv2][body] POST https://firebasehosting.googleapis.com/v1beta1/projects/766748492300/sites/e-learn-5bc9e/versions/0e2184d7ed0477d1:populateFiles {"files":{"/favicon.ico":"1f466dac9ddb62782845ced9890ab7d891e9e20ad03a9be4a171ddf07bc071f7","/manifest.json":"aff3449bdc238776f5d6d967f19ec491b36aed5fb7f23ccff6500736fd58494a","/robots.txt":"bfe106a3fb878dc83461c86818bf74fc1bdc7f28538ba613cd3e775516ce8b49","/asset-manifest.json":"762fbe65de8bf85c03904f8df75fd81d32377a64fa0bf5ae17b567c9a0897056","/index.html":"c1d90acdf0048dc252f8b0d7fb2c098c00b5564148af2387b7f918873761a2fc","/static/js/703.67fd9877.chunk.js":"a5e005fedf0af3148ec21ff68f54761f61162c4cb253eac020bd444ad0f548dc","/static/js/703.67fd9877.chunk.js.LICENSE.txt":"cfbae90292fb506144e442142fcfcdb77242a5491dbc74a361cd61c3e8b608ed","/static/js/787.a9f029fe.chunk.js":"38ca54707484c76353768b7dd6bce42e02b2fe1a376cc54258e24f74bcc41497","/static/css/main.888bb1c4.css.map":"d84ee92596aa3ee648d1ce76b91345680fef68156f4d6c0644f36b14f5e2d800","/static/js/787.a9f029fe.chunk.js.map":"1d24259fbd0fe41dcf4eb8bbd58daa3f09273d3fb5d6f1ea97ded6dd6fedf8ca","/static/js/main.b57e4167.js.LICENSE.txt":"97200d941684faf9a4952f91a855d582455188313a791e0d8776afed287e1f7c","/static/media/favicon.564c8cca28854da90714.ico":"1f466dac9ddb62782845ced9890ab7d891e9e20ad03a9be4a171ddf07bc071f7","/static/css/main.888bb1c4.css":"b3770c5b3780318a0419a7355e9611c0cdcf97a3e9cd78473a45969fd9c89132","/static/js/703.67fd9877.chunk.js.map":"2b1812f0447d5b9f1ff90660e1b164257c7e5bfec0b8ede7876158d71768e2c8","/static/js/513.91d5b032.chunk.js":"d9ecd75f223e15cb578c4fd67782c051344761fdfda47105ed029ad1b6ad6986","/static/js/513.91d5b032.chunk.js.map":"cd02972f8923f2fecdf68c5f73534daabf4234ca35b2e2d2ec74833f57858a8c","/static/js/main.b57e4167.js":"523e54d4e4f66ae9dad8e89f6de201104f70ab2807b425ec5ab972ec9d3e16a5","/static/media/sleek-welcome-background_wyfvvvz-s__f1bb1126d621e8323d2d2713ce6308bb__P360.b5d0e25f255b84281c0b.mp4":"7ee263e2c0543a78fbdcebd4718b40729ddea781eff7fdff7ecc24ce9ce80a58","/static/js/main.b57e4167.js.map":"ae5d8ce453a73a5c51c590f576bb727bde3a6ddda24aa1155580cb0c880abe38"}}
[debug] [2022-10-27T15:25:01.880Z] <<< [apiv2][status] POST https://firebasehosting.googleapis.com/v1beta1/projects/766748492300/sites/e-learn-5bc9e/versions/0e2184d7ed0477d1:populateFiles 200
[debug] [2022-10-27T15:25:01.881Z] <<< [apiv2][body] POST https://firebasehosting.googleapis.com/v1beta1/projects/766748492300/sites/e-learn-5bc9e/versions/0e2184d7ed0477d1:populateFiles {"uploadRequiredHashes":["b3770c5b3780318a0419a7355e9611c0cdcf97a3e9cd78473a45969fd9c89132","c1d90acdf0048dc252f8b0d7fb2c098c00b5564148af2387b7f918873761a2fc","523e54d4e4f66ae9dad8e89f6de201104f70ab2807b425ec5ab972ec9d3e16a5","762fbe65de8bf85c03904f8df75fd81d32377a64fa0bf5ae17b567c9a0897056","ae5d8ce453a73a5c51c590f576bb727bde3a6ddda24aa1155580cb0c880abe38","d84ee92596aa3ee648d1ce76b91345680fef68156f4d6c0644f36b14f5e2d800"],"uploadUrl":"https://upload-firebasehosting.googleapis.com/upload/sites/e-learn-5bc9e/versions/0e2184d7ed0477d1/files"}
[debug] [2022-10-27T15:25:01.888Z] >>> [apiv2][query] POST https://upload-firebasehosting.googleapis.com/upload/sites/e-learn-5bc9e/versions/0e2184d7ed0477d1/files/b3770c5b3780318a0419a7355e9611c0cdcf97a3e9cd78473a45969fd9c89132 [none]
[debug] [2022-10-27T15:25:01.888Z] >>> [apiv2][body] POST https://upload-firebasehosting.googleapis.com/upload/sites/e-learn-5bc9e/versions/0e2184d7ed0477d1/files/b3770c5b3780318a0419a7355e9611c0cdcf97a3e9cd78473a45969fd9c89132 [stream]
[debug] [2022-10-27T15:25:01.895Z] >>> [apiv2][query] POST https://upload-firebasehosting.googleapis.com/upload/sites/e-learn-5bc9e/versions/0e2184d7ed0477d1/files/c1d90acdf0048dc252f8b0d7fb2c098c00b5564148af2387b7f918873761a2fc [none]
[debug] [2022-10-27T15:25:01.896Z] >>> [apiv2][body] POST https://upload-firebasehosting.googleapis.com/upload/sites/e-learn-5bc9e/versions/0e2184d7ed0477d1/files/c1d90acdf0048dc252f8b0d7fb2c098c00b5564148af2387b7f918873761a2fc [stream]
[debug] [2022-10-27T15:25:01.899Z] >>> [apiv2][query] POST https://upload-firebasehosting.googleapis.com/upload/sites/e-learn-5bc9e/versions/0e2184d7ed0477d1/files/523e54d4e4f66ae9dad8e89f6de201104f70ab2807b425ec5ab972ec9d3e16a5 [none]
[debug] [2022-10-27T15:25:01.899Z] >>> [apiv2][body] POST https://upload-firebasehosting.googleapis.com/upload/sites/e-learn-5bc9e/versions/0e2184d7ed0477d1/files/523e54d4e4f66ae9dad8e89f6de201104f70ab2807b425ec5ab972ec9d3e16a5 [stream]
[debug] [2022-10-27T15:25:01.902Z] >>> [apiv2][query] POST https://upload-firebasehosting.googleapis.com/upload/sites/e-learn-5bc9e/versions/0e2184d7ed0477d1/files/762fbe65de8bf85c03904f8df75fd81d32377a64fa0bf5ae17b567c9a0897056 [none]
[debug] [2022-10-27T15:25:01.902Z] >>> [apiv2][body] POST https://upload-firebasehosting.googleapis.com/upload/sites/e-learn-5bc9e/versions/0e2184d7ed0477d1/files/762fbe65de8bf85c03904f8df75fd81d32377a64fa0bf5ae17b567c9a0897056 [stream]
[debug] [2022-10-27T15:25:01.909Z] >>> [apiv2][query] POST https://upload-firebasehosting.googleapis.com/upload/sites/e-learn-5bc9e/versions/0e2184d7ed0477d1/files/ae5d8ce453a73a5c51c590f576bb727bde3a6ddda24aa1155580cb0c880abe38 [none]
[debug] [2022-10-27T15:25:01.910Z] >>> [apiv2][body] POST https://upload-firebasehosting.googleapis.com/upload/sites/e-learn-5bc9e/versions/0e2184d7ed0477d1/files/ae5d8ce453a73a5c51c590f576bb727bde3a6ddda24aa1155580cb0c880abe38 [stream]
[debug] [2022-10-27T15:25:01.915Z] >>> [apiv2][query] POST https://upload-firebasehosting.googleapis.com/upload/sites/e-learn-5bc9e/versions/0e2184d7ed0477d1/files/d84ee92596aa3ee648d1ce76b91345680fef68156f4d6c0644f36b14f5e2d800 [none]
[debug] [2022-10-27T15:25:01.918Z] >>> [apiv2][body] POST https://upload-firebasehosting.googleapis.com/upload/sites/e-learn-5bc9e/versions/0e2184d7ed0477d1/files/d84ee92596aa3ee648d1ce76b91345680fef68156f4d6c0644f36b14f5e2d800 [stream]
[debug] [2022-10-27T15:25:01.925Z] [hosting][populate queue][FINAL] {"max":1558,"min":1558,"avg":1558,"active":0,"complete":1,"success":1,"errored":0,"retried":0,"total":1,"elapsed":1596}
[debug] [2022-10-27T15:25:01.925Z] [hosting] uploads queued: 6
[debug] [2022-10-27T15:25:05.699Z] <<< [apiv2][status] POST https://upload-firebasehosting.googleapis.com/upload/sites/e-learn-5bc9e/versions/0e2184d7ed0477d1/files/523e54d4e4f66ae9dad8e89f6de201104f70ab2807b425ec5ab972ec9d3e16a5 200
[debug] [2022-10-27T15:25:05.699Z] <<< [apiv2][body] POST https://upload-firebasehosting.googleapis.com/upload/sites/e-learn-5bc9e/versions/0e2184d7ed0477d1/files/523e54d4e4f66ae9dad8e89f6de201104f70ab2807b425ec5ab972ec9d3e16a5 [stream]
[debug] [2022-10-27T15:25:05.759Z] <<< [apiv2][status] POST https://upload-firebasehosting.googleapis.com/upload/sites/e-learn-5bc9e/versions/0e2184d7ed0477d1/files/b3770c5b3780318a0419a7355e9611c0cdcf97a3e9cd78473a45969fd9c89132 200
[debug] [2022-10-27T15:25:05.759Z] <<< [apiv2][body] POST https://upload-firebasehosting.googleapis.com/upload/sites/e-learn-5bc9e/versions/0e2184d7ed0477d1/files/b3770c5b3780318a0419a7355e9611c0cdcf97a3e9cd78473a45969fd9c89132 [stream]
[debug] [2022-10-27T15:25:05.928Z] <<< [apiv2][status] POST https://upload-firebasehosting.googleapis.com/upload/sites/e-learn-5bc9e/versions/0e2184d7ed0477d1/files/762fbe65de8bf85c03904f8df75fd81d32377a64fa0bf5ae17b567c9a0897056 200
[debug] [2022-10-27T15:25:05.928Z] <<< [apiv2][body] POST https://upload-firebasehosting.googleapis.com/upload/sites/e-learn-5bc9e/versions/0e2184d7ed0477d1/files/762fbe65de8bf85c03904f8df75fd81d32377a64fa0bf5ae17b567c9a0897056 [stream]
[debug] [2022-10-27T15:25:06.108Z] <<< [apiv2][status] POST https://upload-firebasehosting.googleapis.com/upload/sites/e-learn-5bc9e/versions/0e2184d7ed0477d1/files/c1d90acdf0048dc252f8b0d7fb2c098c00b5564148af2387b7f918873761a2fc 200
[debug] [2022-10-27T15:25:06.108Z] <<< [apiv2][body] POST https://upload-firebasehosting.googleapis.com/upload/sites/e-learn-5bc9e/versions/0e2184d7ed0477d1/files/c1d90acdf0048dc252f8b0d7fb2c098c00b5564148af2387b7f918873761a2fc [stream]
[debug] [2022-10-27T15:25:06.324Z] <<< [apiv2][status] POST https://upload-firebasehosting.googleapis.com/upload/sites/e-learn-5bc9e/versions/0e2184d7ed0477d1/files/d84ee92596aa3ee648d1ce76b91345680fef68156f4d6c0644f36b14f5e2d800 200
[debug] [2022-10-27T15:25:06.324Z] <<< [apiv2][body] POST https://upload-firebasehosting.googleapis.com/upload/sites/e-learn-5bc9e/versions/0e2184d7ed0477d1/files/d84ee92596aa3ee648d1ce76b91345680fef68156f4d6c0644f36b14f5e2d800 [stream]
[debug] [2022-10-27T15:25:14.776Z] <<< [apiv2][status] POST https://upload-firebasehosting.googleapis.com/upload/sites/e-learn-5bc9e/versions/0e2184d7ed0477d1/files/ae5d8ce453a73a5c51c590f576bb727bde3a6ddda24aa1155580cb0c880abe38 200
[debug] [2022-10-27T15:25:14.776Z] <<< [apiv2][body] POST https://upload-firebasehosting.googleapis.com/upload/sites/e-learn-5bc9e/versions/0e2184d7ed0477d1/files/ae5d8ce453a73a5c51c590f576bb727bde3a6ddda24aa1155580cb0c880abe38 [stream]
[debug] [2022-10-27T15:25:14.777Z] [hosting][upload queue][FINAL] {"max":12891,"min":3815,"avg":5548,"active":0,"complete":6,"success":6,"errored":0,"retried":0,"total":6,"elapsed":12895}
[info] +  hosting[e-learn-5bc9e]: file upload complete 
[debug] [2022-10-27T15:25:14.780Z] [hosting] deploy completed after 15155ms
[debug] [2022-10-27T15:25:14.787Z] [
  {
    "config": {
      "public": "build",
      "ignore": [
        "firebase.json",
        "**/.*",
        "**/node_modules/**"
      ],
      "rewrites": [
        {
          "source": "**",
          "destination": "/index.html"
        }
      ],
      "site": "e-learn-5bc9e"
    },
    "version": "projects/766748492300/sites/e-learn-5bc9e/versions/0e2184d7ed0477d1"
  }
]
[info] i  hosting[e-learn-5bc9e]: finalizing version... 
[debug] [2022-10-27T15:25:14.792Z] >>> [apiv2][query] PATCH https://firebasehosting.googleapis.com/v1beta1/projects/-/sites/e-learn-5bc9e/versions/0e2184d7ed0477d1 updateMask=status%2Cconfig
[debug] [2022-10-27T15:25:14.792Z] >>> [apiv2][body] PATCH https://firebasehosting.googleapis.com/v1beta1/projects/-/sites/e-learn-5bc9e/versions/0e2184d7ed0477d1 {"status":"FINALIZED","config":{"rewrites":[{"glob":"**","path":"/index.html"}]}}
[debug] [2022-10-27T15:25:16.077Z] <<< [apiv2][status] PATCH https://firebasehosting.googleapis.com/v1beta1/projects/-/sites/e-learn-5bc9e/versions/0e2184d7ed0477d1 200
[debug] [2022-10-27T15:25:16.078Z] <<< [apiv2][body] PATCH https://firebasehosting.googleapis.com/v1beta1/projects/-/sites/e-learn-5bc9e/versions/0e2184d7ed0477d1 {"name":"projects/766748492300/sites/e-learn-5bc9e/versions/0e2184d7ed0477d1","status":"FINALIZED","config":{"rewrites":[{"glob":"**","path":"/index.html"}]},"labels":{"deployment-tool":"cli-firebase"},"createTime":"2022-10-27T15:25:01.546455Z","createUser":{"email":"ashanto653.2@gmail.com"},"finalizeTime":"2022-10-27T15:25:18.409106Z","finalizeUser":{"email":"ashanto653.2@gmail.com"}}
[debug] [2022-10-27T15:25:16.078Z] [hosting] finalized version for e-learn-5bc9e:[object Object]
[info] +  hosting[e-learn-5bc9e]: version finalized 
[info] i  hosting[e-learn-5bc9e]: releasing new version... 
[debug] [2022-10-27T15:25:16.079Z] >>> [apiv2][query] POST https://firebasehosting.googleapis.com/v1beta1/projects/-/sites/e-learn-5bc9e/channels/live/releases versionName=projects%2F766748492300%2Fsites%2Fe-learn-5bc9e%2Fversions%2F0e2184d7ed0477d1
[debug] [2022-10-27T15:25:16.079Z] >>> [apiv2][body] POST https://firebasehosting.googleapis.com/v1beta1/projects/-/sites/e-learn-5bc9e/channels/live/releases {}
[debug] [2022-10-27T15:25:17.665Z] <<< [apiv2][status] POST https://firebasehosting.googleapis.com/v1beta1/projects/-/sites/e-learn-5bc9e/channels/live/releases 200
[debug] [2022-10-27T15:25:17.666Z] <<< [apiv2][body] POST https://firebasehosting.googleapis.com/v1beta1/projects/-/sites/e-learn-5bc9e/channels/live/releases {"name":"projects/766748492300/sites/e-learn-5bc9e/channels/live/releases/1666884318994693","version":{"name":"projects/766748492300/sites/e-learn-5bc9e/versions/0e2184d7ed0477d1","status":"FINALIZED","config":{"rewrites":[{"glob":"**","path":"/index.html"}]},"labels":{"deployment-tool":"cli-firebase"},"createTime":"2022-10-27T15:25:01.546455Z","createUser":{"email":"ashanto653.2@gmail.com","imageUrl":"https://lh3.googleusercontent.com/a/ALm5wu33d53IyKAR0_DSEloKnmuxWhps8_DRB4Ib74EY=mo"},"finalizeTime":"2022-10-27T15:25:18.409106Z","finalizeUser":{"email":"ashanto653.2@gmail.com","imageUrl":"https://lh3.googleusercontent.com/a/ALm5wu33d53IyKAR0_DSEloKnmuxWhps8_DRB4Ib74EY=mo"}},"type":"DEPLOY","releaseTime":"2022-10-27T15:25:18.994693007Z","releaseUser":{"email":"ashanto653.2@gmail.com","imageUrl":"https://lh3.googleusercontent.com/a/ALm5wu33d53IyKAR0_DSEloKnmuxWhps8_DRB4Ib74EY=mo"}}
[debug] [2022-10-27T15:25:17.666Z] [hosting] release: {"name":"projects/766748492300/sites/e-learn-5bc9e/channels/live/releases/1666884318994693","version":{"name":"projects/766748492300/sites/e-learn-5bc9e/versions/0e2184d7ed0477d1","status":"FINALIZED","config":{"rewrites":[{"glob":"**","path":"/index.html"}]},"labels":{"deployment-tool":"cli-firebase"},"createTime":"2022-10-27T15:25:01.546455Z","createUser":{"email":"ashanto653.2@gmail.com","imageUrl":"https://lh3.googleusercontent.com/a/ALm5wu33d53IyKAR0_DSEloKnmuxWhps8_DRB4Ib74EY=mo"},"finalizeTime":"2022-10-27T15:25:18.409106Z","finalizeUser":{"email":"ashanto653.2@gmail.com","imageUrl":"https://lh3.googleusercontent.com/a/ALm5wu33d53IyKAR0_DSEloKnmuxWhps8_DRB4Ib74EY=mo"}},"type":"DEPLOY","releaseTime":"2022-10-27T15:25:18.994693007Z","releaseUser":{"email":"ashanto653.2@gmail.com","imageUrl":"https://lh3.googleusercontent.com/a/ALm5wu33d53IyKAR0_DSEloKnmuxWhps8_DRB4Ib74EY=mo"}}
[info] +  hosting[e-learn-5bc9e]: release complete 
[info] 
[info] +  Deploy complete! 
[info] 
[info] Project Console: https://console.firebase.google.com/project/e-learn-5bc9e/overview
[info] Hosting URL: https://e-learn-5bc9e.web.app
[debug] [2022-10-27T15:25:23.452Z] Error: Timed out.
    at Timeout._onTimeout (C:\Users\Atik Ahmed\AppData\Roaming\npm\node_modules\firebase-tools\lib\utils.js:253:49)
    at listOnTimeout (node:internal/timers:559:17)
    at processTimers (node:internal/timers:502:7)
[error] 
[error] Error: An unexpected error has occurred.
